<?xml version='1.0' encoding='UTF-8' ?>
<testsuite name="com.example.arturitopsicologo.test.ExampleInstrumentedTest" tests="4" failures="2" errors="0" skipped="0" time="1.079" timestamp="2022-10-11T05:16:59" hostname="localhost">
  <properties>
    <property name="device" value="moto g(6) play - 9" />
    <property name="flavor" value="" />
    <property name="project" value="app" />
  </properties>
  <testcase name="testLogin" classname="com.example.arturitopsicologo.test.ExampleInstrumentedTest" time="0.016" />
  <testcase name="AgregarFecha" classname="com.example.arturitopsicologo.test.ExampleInstrumentedTest" time="0.004">
    <failure>org.junit.ComparisonFailure: expected:&lt;[ok]&gt; but was:&lt;[fail]&gt;
at org.junit.Assert.assertEquals(Assert.java:115)
at org.junit.Assert.assertEquals(Assert.java:144)
at com.example.arturitopsicologo.test.ExampleInstrumentedTest.AgregarFecha(ExampleInstrumentedTest.java:58)</failure>
  </testcase>
  <testcase name="EditarPerfil" classname="com.example.arturitopsicologo.test.ExampleInstrumentedTest" time="0.01">
    <failure>org.junit.ComparisonFailure: expected:&lt;[ok]&gt; but was:&lt;[fail]&gt;
at org.junit.Assert.assertEquals(Assert.java:115)
at org.junit.Assert.assertEquals(Assert.java:144)
at com.example.arturitopsicologo.test.ExampleInstrumentedTest.EditarPerfil(ExampleInstrumentedTest.java:51)</failure>
  </testcase>
  <testcase name="useAppContext" classname="com.example.arturitopsicologo.test.ExampleInstrumentedTest" time="0.009" />
</testsuite>